<?xml version="1.0" encoding="UTF-8"?>
<!-- Generated by org.testng.reporters.JUnitReportReporter -->
<testsuite skipped="0" hostname="GL-VS-WIN10-1" name="TestCases" tests="5" failures="0" timestamp="23 Jul 2018 06:49:00 GMT" time="149.528" errors="0">
  <testcase name="login" time="23.994" classname="TestCases"/>
  <testcase name="SearchUser" time="10.968" classname="TestCases"/>
  <testcase name="Home" time="3.510" classname="TestCases"/>
  <testcase name="Community" time="2.644" classname="TestCases"/>
  <testcase name="Logout" time="108.412" classname="TestCases"/>
</testsuite> <!-- TestCases -->
